app/build/intermediates/manifest_merge_blame_file/debug/manifest-merger-blame-debug-report.txt
1<?xml version="1.0" encoding="utf-8"?>
2<manifest xmlns:android="http://schemas.android.com/apk/res/android"
3    package="com.example.inmocontrol_v2"
4    android:versionCode="1"
5    android:versionName="1.0" >
6
7    <uses-sdk
8        android:minSdkVersion="28"
9        android:targetSdkVersion="34" />
10
11    <uses-feature android:name="android.hardware.type.watch" />
11-->src\main\AndroidManifest.xml:3:5-64
11-->src\main\AndroidManifest.xml:3:19-61
12    <uses-feature
12-->src\main\AndroidManifest.xml:4:5-88
13        android:name="android.hardware.bluetooth"
13-->src\main\AndroidManifest.xml:4:19-60
14        android:required="false" />
14-->src\main\AndroidManifest.xml:4:61-85
15    <uses-feature
15-->src\main\AndroidManifest.xml:5:5-91
16        android:name="android.hardware.bluetooth_le"
16-->src\main\AndroidManifest.xml:5:19-63
17        android:required="false" />
17-->src\main\AndroidManifest.xml:5:64-88
18    <uses-feature
18-->src\main\AndroidManifest.xml:6:5-95
19        android:name="android.hardware.sensor.gyroscope"
19-->src\main\AndroidManifest.xml:6:19-67
20        android:required="false" />
20-->src\main\AndroidManifest.xml:6:68-92
21
22    <uses-permission android:name="android.permission.BLUETOOTH" />
22-->src\main\AndroidManifest.xml:8:5-68
22-->src\main\AndroidManifest.xml:8:22-65
23    <uses-permission android:name="android.permission.BLUETOOTH_ADMIN" />
23-->src\main\AndroidManifest.xml:9:5-74
23-->src\main\AndroidManifest.xml:9:22-71
24    <uses-permission android:name="android.permission.BLUETOOTH_CONNECT" />
24-->src\main\AndroidManifest.xml:10:5-76
24-->src\main\AndroidManifest.xml:10:22-73
25    <uses-permission android:name="android.permission.BLUETOOTH_ADVERTISE" />
25-->src\main\AndroidManifest.xml:11:5-78
25-->src\main\AndroidManifest.xml:11:22-75
26    <uses-permission
26-->src\main\AndroidManifest.xml:12:5-120
27        android:name="android.permission.BLUETOOTH_SCAN"
27-->src\main\AndroidManifest.xml:12:22-70
28        android:usesPermissionFlags="neverForLocation" />
28-->src\main\AndroidManifest.xml:12:71-117
29    <uses-permission android:name="android.permission.FOREGROUND_SERVICE" />
29-->src\main\AndroidManifest.xml:13:5-77
29-->src\main\AndroidManifest.xml:13:22-74
30    <uses-permission android:name="android.permission.FOREGROUND_SERVICE_CONNECTED_DEVICE" />
30-->src\main\AndroidManifest.xml:14:5-94
30-->src\main\AndroidManifest.xml:14:22-91
31    <uses-permission android:name="android.permission.FOREGROUND_SERVICE_DATA_SYNC" />
31-->src\main\AndroidManifest.xml:15:5-87
31-->src\main\AndroidManifest.xml:15:22-84
32    <uses-permission android:name="android.permission.POST_NOTIFICATIONS" />
32-->src\main\AndroidManifest.xml:16:5-77
32-->src\main\AndroidManifest.xml:16:22-74
33    <uses-permission android:name="android.permission.RECEIVE_BOOT_COMPLETED" />
33-->src\main\AndroidManifest.xml:17:5-81
33-->src\main\AndroidManifest.xml:17:22-78
34    <uses-permission android:name="android.permission.MODIFY_AUDIO_SETTINGS" />
34-->src\main\AndroidManifest.xml:18:5-80
34-->src\main\AndroidManifest.xml:18:22-77
35
36    <permission
36-->[androidx.core:core:1.12.0] AndroidManifest.xml:22:5-24:47
37        android:name="com.example.inmocontrol_v2.DYNAMIC_RECEIVER_NOT_EXPORTED_PERMISSION"
37-->[androidx.core:core:1.12.0] AndroidManifest.xml:23:9-81
38        android:protectionLevel="signature" />
38-->[androidx.core:core:1.12.0] AndroidManifest.xml:24:9-44
39
40    <uses-permission android:name="com.example.inmocontrol_v2.DYNAMIC_RECEIVER_NOT_EXPORTED_PERMISSION" />
40-->[androidx.core:core:1.12.0] AndroidManifest.xml:26:5-97
40-->[androidx.core:core:1.12.0] AndroidManifest.xml:26:22-94
41
42    <queries>
42-->[androidx.wear.tiles:tiles:1.1.0] AndroidManifest.xml:7:5-11:15
43        <intent>
43-->[androidx.wear.tiles:tiles:1.1.0] AndroidManifest.xml:8:9-10:18
44            <action android:name="androidx.wear.tiles.action.BIND_UPDATE_REQUESTER" />
44-->[androidx.wear.tiles:tiles:1.1.0] AndroidManifest.xml:9:13-87
44-->[androidx.wear.tiles:tiles:1.1.0] AndroidManifest.xml:9:21-84
45        </intent>
46    </queries>
47
48    <application
48-->src\main\AndroidManifest.xml:20:5-63:19
49        android:allowBackup="true"
49-->src\main\AndroidManifest.xml:21:9-35
50        android:appComponentFactory="androidx.core.app.CoreComponentFactory"
50-->[androidx.core:core:1.12.0] AndroidManifest.xml:28:18-86
51        android:debuggable="true"
52        android:extractNativeLibs="false"
53        android:icon="@mipmap/ic_launcher"
53-->src\main\AndroidManifest.xml:23:9-43
54        android:label="InmoControl"
54-->src\main\AndroidManifest.xml:22:9-36
55        android:usesCleartextTraffic="false" >
55-->src\main\AndroidManifest.xml:24:9-45
56        <meta-data
56-->src\main\AndroidManifest.xml:26:9-97
57            android:name="com.google.android.wearable.standalone"
57-->src\main\AndroidManifest.xml:26:20-73
58            android:value="true" />
58-->src\main\AndroidManifest.xml:26:74-94
59
60        <activity
60-->src\main\AndroidManifest.xml:28:9-39:20
61            android:name="com.example.inmocontrol_v2.MainActivity"
61-->src\main\AndroidManifest.xml:28:19-47
62            android:exported="true" >
62-->src\main\AndroidManifest.xml:28:48-71
63            <intent-filter>
63-->src\main\AndroidManifest.xml:29:13-32:29
64                <action android:name="android.intent.action.MAIN" />
64-->src\main\AndroidManifest.xml:30:17-69
64-->src\main\AndroidManifest.xml:30:25-66
65
66                <category android:name="android.intent.category.LAUNCHER" />
66-->src\main\AndroidManifest.xml:31:17-77
66-->src\main\AndroidManifest.xml:31:27-74
67            </intent-filter>
68            <intent-filter>
68-->src\main\AndroidManifest.xml:33:13-38:29
69                <action android:name="android.intent.action.VIEW" />
69-->src\main\AndroidManifest.xml:34:17-69
69-->src\main\AndroidManifest.xml:34:25-66
70
71                <category android:name="android.intent.category.DEFAULT" />
71-->src\main\AndroidManifest.xml:35:17-76
71-->src\main\AndroidManifest.xml:35:27-73
72                <category android:name="android.intent.category.BROWSABLE" />
72-->src\main\AndroidManifest.xml:36:17-78
72-->src\main\AndroidManifest.xml:36:27-75
73
74                <data
74-->src\main\AndroidManifest.xml:37:17-67
75                    android:host="open"
75-->src\main\AndroidManifest.xml:37:45-64
76                    android:scheme="inmo" />
76-->src\main\AndroidManifest.xml:37:23-44
77            </intent-filter>
78        </activity>
79
80        <service
80-->src\main\AndroidManifest.xml:41:9-44:72
81            android:name="com.example.inmocontrol_v2.hid.HidService"
81-->src\main\AndroidManifest.xml:42:13-43
82            android:exported="false"
82-->src\main\AndroidManifest.xml:43:13-37
83            android:foregroundServiceType="connectedDevice|dataSync" />
83-->src\main\AndroidManifest.xml:44:13-69
84
85        <receiver
85-->src\main\AndroidManifest.xml:46:9-50:20
86            android:name="com.example.inmocontrol_v2.boot.BootReceiver"
86-->src\main\AndroidManifest.xml:46:19-52
87            android:exported="true" >
87-->src\main\AndroidManifest.xml:46:53-76
88            <intent-filter>
88-->src\main\AndroidManifest.xml:47:13-49:29
89                <action android:name="android.intent.action.BOOT_COMPLETED" />
89-->src\main\AndroidManifest.xml:48:17-79
89-->src\main\AndroidManifest.xml:48:25-76
90            </intent-filter>
91        </receiver>
92
93        <service
93-->src\main\AndroidManifest.xml:52:9-62:19
94            android:name="com.example.inmocontrol_v2.tile.ModeTileService"
94-->src\main\AndroidManifest.xml:53:13-49
95            android:exported="true"
95-->src\main\AndroidManifest.xml:54:13-36
96            android:label="@string/app_name"
96-->src\main\AndroidManifest.xml:55:13-45
97            android:permission="com.google.android.wearable.permission.BIND_TILE_PROVIDER" >
97-->src\main\AndroidManifest.xml:56:13-91
98            <intent-filter>
98-->src\main\AndroidManifest.xml:57:13-59:29
99                <action android:name="androidx.wear.tiles.action.BIND_TILE_PROVIDER" />
99-->src\main\AndroidManifest.xml:58:17-88
99-->src\main\AndroidManifest.xml:58:25-85
100            </intent-filter>
101            <!-- Uncomment the following line if you add tile_preview drawable resource -->
102            <!-- <meta-data android:name="androidx.wear.tiles.PREVIEW" android:resource="@drawable/tile_preview" /> -->
103        </service>
104
105        <provider
105-->[androidx.emoji2:emoji2:1.4.0] AndroidManifest.xml:24:9-32:20
106            android:name="androidx.startup.InitializationProvider"
106-->[androidx.emoji2:emoji2:1.4.0] AndroidManifest.xml:25:13-67
107            android:authorities="com.example.inmocontrol_v2.androidx-startup"
107-->[androidx.emoji2:emoji2:1.4.0] AndroidManifest.xml:26:13-68
108            android:exported="false" >
108-->[androidx.emoji2:emoji2:1.4.0] AndroidManifest.xml:27:13-37
109            <meta-data
109-->[androidx.emoji2:emoji2:1.4.0] AndroidManifest.xml:29:13-31:52
110                android:name="androidx.emoji2.text.EmojiCompatInitializer"
110-->[androidx.emoji2:emoji2:1.4.0] AndroidManifest.xml:30:17-75
111                android:value="androidx.startup" />
111-->[androidx.emoji2:emoji2:1.4.0] AndroidManifest.xml:31:17-49
112            <meta-data
112-->[androidx.lifecycle:lifecycle-process:2.6.2] AndroidManifest.xml:29:13-31:52
113                android:name="androidx.lifecycle.ProcessLifecycleInitializer"
113-->[androidx.lifecycle:lifecycle-process:2.6.2] AndroidManifest.xml:30:17-78
114                android:value="androidx.startup" />
114-->[androidx.lifecycle:lifecycle-process:2.6.2] AndroidManifest.xml:31:17-49
115            <meta-data
115-->[androidx.profileinstaller:profileinstaller:1.3.1] AndroidManifest.xml:29:13-31:52
116                android:name="androidx.profileinstaller.ProfileInstallerInitializer"
116-->[androidx.profileinstaller:profileinstaller:1.3.1] AndroidManifest.xml:30:17-85
117                android:value="androidx.startup" />
117-->[androidx.profileinstaller:profileinstaller:1.3.1] AndroidManifest.xml:31:17-49
118        </provider>
119
120        <activity
120-->[androidx.compose.ui:ui-tooling-android:1.5.4] AndroidManifest.xml:23:9-25:39
121            android:name="androidx.compose.ui.tooling.PreviewActivity"
121-->[androidx.compose.ui:ui-tooling-android:1.5.4] AndroidManifest.xml:24:13-71
122            android:exported="true" />
122-->[androidx.compose.ui:ui-tooling-android:1.5.4] AndroidManifest.xml:25:13-36
123
124        <receiver
124-->[androidx.profileinstaller:profileinstaller:1.3.1] AndroidManifest.xml:34:9-52:20
125            android:name="androidx.profileinstaller.ProfileInstallReceiver"
125-->[androidx.profileinstaller:profileinstaller:1.3.1] AndroidManifest.xml:35:13-76
126            android:directBootAware="false"
126-->[androidx.profileinstaller:profileinstaller:1.3.1] AndroidManifest.xml:36:13-44
127            android:enabled="true"
127-->[androidx.profileinstaller:profileinstaller:1.3.1] AndroidManifest.xml:37:13-35
128            android:exported="true"
128-->[androidx.profileinstaller:profileinstaller:1.3.1] AndroidManifest.xml:38:13-36
129            android:permission="android.permission.DUMP" >
129-->[androidx.profileinstaller:profileinstaller:1.3.1] AndroidManifest.xml:39:13-57
130            <intent-filter>
130-->[androidx.profileinstaller:profileinstaller:1.3.1] AndroidManifest.xml:40:13-42:29
131                <action android:name="androidx.profileinstaller.action.INSTALL_PROFILE" />
131-->[androidx.profileinstaller:profileinstaller:1.3.1] AndroidManifest.xml:41:17-91
131-->[androidx.profileinstaller:profileinstaller:1.3.1] AndroidManifest.xml:41:25-88
132            </intent-filter>
133            <intent-filter>
133-->[androidx.profileinstaller:profileinstaller:1.3.1] AndroidManifest.xml:43:13-45:29
134                <action android:name="androidx.profileinstaller.action.SKIP_FILE" />
134-->[androidx.profileinstaller:profileinstaller:1.3.1] AndroidManifest.xml:44:17-85
134-->[androidx.profileinstaller:profileinstaller:1.3.1] AndroidManifest.xml:44:25-82
135            </intent-filter>
136            <intent-filter>
136-->[androidx.profileinstaller:profileinstaller:1.3.1] AndroidManifest.xml:46:13-48:29
137                <action android:name="androidx.profileinstaller.action.SAVE_PROFILE" />
137-->[androidx.profileinstaller:profileinstaller:1.3.1] AndroidManifest.xml:47:17-88
137-->[androidx.profileinstaller:profileinstaller:1.3.1] AndroidManifest.xml:47:25-85
138            </intent-filter>
139            <intent-filter>
139-->[androidx.profileinstaller:profileinstaller:1.3.1] AndroidManifest.xml:49:13-51:29
140                <action android:name="androidx.profileinstaller.action.BENCHMARK_OPERATION" />
140-->[androidx.profileinstaller:profileinstaller:1.3.1] AndroidManifest.xml:50:17-95
140-->[androidx.profileinstaller:profileinstaller:1.3.1] AndroidManifest.xml:50:25-92
141            </intent-filter>
142        </receiver>
143    </application>
144
145</manifest>